x
PHP Fatal error:  Uncaught Error: Class "Symfony\Component\Console\Command\Command" not found in /var/www/emiy/api/src/Command/CronVerifyDepot.php:27
Stack trace:
#0 {main}
  thrown in /var/www/emiy/api/src/Command/CronVerifyDepot.php on line 27
PHP Fatal error:  Uncaught Error: Class "Symfony\Component\Console\Command\Command" not found in /var/www/emiy/api/src/Command/CronVerifyDepot.php:27
Stack trace:
#0 {main}
  thrown in /var/www/emiy/api/src/Command/CronVerifyDepot.php on line 27
PHP Fatal error:  Uncaught Error: Class "Symfony\Component\Console\Command\Command" not found in /var/www/emiy/api/src/Command/CronVerifyDepot.php:27
Stack trace:
#0 {main}
  thrown in /var/www/emiy/api/src/Command/CronVerifyDepot.php on line 27
PHP Fatal error:  Uncaught Error: Class "Symfony\Component\Console\Command\Command" not found in /var/www/emiy/api/src/Command/CronVerifyDepot.php:27
Stack trace:
#0 {main}
  thrown in /var/www/emiy/api/src/Command/CronVerifyDepot.php on line 27
PHP Fatal error:  Uncaught Error: Class "Symfony\Component\Console\Command\Command" not found in /var/www/emiy/api/src/Command/CronVerifyDepot.php:27
Stack trace:
#0 {main}
  thrown in /var/www/emiy/api/src/Command/CronVerifyDepot.php on line 27
PHP Fatal error:  Uncaught Error: Class "Symfony\Component\Console\Command\Command" not found in /var/www/emiy/api/src/Command/CronVerifyDepot.php:27
Stack trace:
#0 {main}
  thrown in /var/www/emiy/api/src/Command/CronVerifyDepot.php on line 27
PHP Fatal error:  Uncaught Error: Class "Symfony\Component\Console\Command\Command" not found in /var/www/emiy/api/src/Command/CronVerifyDepot.php:27
Stack trace:
#0 {main}
  thrown in /var/www/emiy/api/src/Command/CronVerifyDepot.php on line 27
PHP Fatal error:  Uncaught Error: Class "Symfony\Component\Console\Command\Command" not found in /var/www/emiy/api/src/Command/CronVerifyDepot.php:27
Stack trace:
#0 {main}
  thrown in /var/www/emiy/api/src/Command/CronVerifyDepot.php on line 27
PHP Fatal error:  Uncaught Error: Class "Symfony\Component\Console\Command\Command" not found in /var/www/emiy/api/src/Command/CronVerifyDepot.php:27
Stack trace:
#0 {main}
  thrown in /var/www/emiy/api/src/Command/CronVerifyDepot.php on line 27
PHP Fatal error:  Uncaught Error: Class "Symfony\Component\Console\Command\Command" not found in /var/www/emiy/api/src/Command/CronVerifyDepot.php:27
Stack trace:
#0 {main}
  thrown in /var/www/emiy/api/src/Command/CronVerifyDepot.php on line 27
PHP Fatal error:  Uncaught Error: Class "Symfony\Component\Console\Command\Command" not found in /var/www/emiy/api/src/Command/CronVerifyDepot.php:27
Stack trace:
#0 {main}
  thrown in /var/www/emiy/api/src/Command/CronVerifyDepot.php on line 27
PHP Fatal error:  Uncaught Error: Class "Symfony\Component\Console\Command\Command" not found in /var/www/emiy/api/src/Command/CronVerifyDepot.php:27
Stack trace:
#0 {main}
  thrown in /var/www/emiy/api/src/Command/CronVerifyDepot.php on line 27
PHP Fatal error:  Uncaught Error: Class "Symfony\Component\Console\Command\Command" not found in /var/www/emiy/api/src/Command/CronVerifyDepot.php:27
Stack trace:
#0 {main}
  thrown in /var/www/emiy/api/src/Command/CronVerifyDepot.php on line 27
PHP Fatal error:  Uncaught Error: Class "Symfony\Component\Console\Command\Command" not found in /var/www/emiy/api/src/Command/CronVerifyDepot.php:27
Stack trace:
#0 {main}
  thrown in /var/www/emiy/api/src/Command/CronVerifyDepot.php on line 27
PHP Fatal error:  Uncaught Error: Class "Symfony\Component\Console\Command\Command" not found in /var/www/emiy/api/src/Command/CronVerifyDepot.php:27
Stack trace:
#0 {main}
  thrown in /var/www/emiy/api/src/Command/CronVerifyDepot.php on line 27
PHP Fatal error:  Uncaught Error: Class "Symfony\Component\Console\Command\Command" not found in /var/www/emiy/api/src/Command/CronVerifyDepot.php:27
Stack trace:
#0 {main}
  thrown in /var/www/emiy/api/src/Command/CronVerifyDepot.php on line 27
PHP Fatal error:  Uncaught Error: Class "Symfony\Component\Console\Command\Command" not found in /var/www/emiy/api/src/Command/CronVerifyDepot.php:27
Stack trace:
#0 {main}
  thrown in /var/www/emiy/api/src/Command/CronVerifyDepot.php on line 27
PHP Fatal error:  Uncaught Error: Class "Symfony\Component\Console\Command\Command" not found in /var/www/emiy/api/src/Command/CronVerifyDepot.php:27
Stack trace:
#0 {main}
  thrown in /var/www/emiy/api/src/Command/CronVerifyDepot.php on line 27
PHP Fatal error:  Uncaught Error: Class "Symfony\Component\Console\Command\Command" not found in /var/www/emiy/api/src/Command/CronVerifyDepot.php:27
Stack trace:
#0 {main}
  thrown in /var/www/emiy/api/src/Command/CronVerifyDepot.php on line 27
PHP Fatal error:  Uncaught Error: Class "Symfony\Component\Console\Command\Command" not found in /var/www/emiy/api/src/Command/CronVerifyDepot.php:27
Stack trace:
#0 {main}
  thrown in /var/www/emiy/api/src/Command/CronVerifyDepot.php on line 27
PHP Fatal error:  Uncaught Error: Class "Symfony\Component\Console\Command\Command" not found in /var/www/emiy/api/src/Command/CronVerifyDepot.php:27
Stack trace:
#0 {main}
  thrown in /var/www/emiy/api/src/Command/CronVerifyDepot.php on line 27
PHP Fatal error:  Uncaught Error: Class "Symfony\Component\Console\Command\Command" not found in /var/www/emiy/api/src/Command/CronVerifyDepot.php:27
Stack trace:
#0 {main}
  thrown in /var/www/emiy/api/src/Command/CronVerifyDepot.php on line 27
PHP Fatal error:  Uncaught Error: Class "Symfony\Component\Console\Command\Command" not found in /var/www/emiy/api/src/Command/CronVerifyDepot.php:27
Stack trace:
#0 {main}
  thrown in /var/www/emiy/api/src/Command/CronVerifyDepot.php on line 27
PHP Fatal error:  Uncaught Error: Class "Symfony\Component\Console\Command\Command" not found in /var/www/emiy/api/src/Command/CronVerifyDepot.php:27
Stack trace:
#0 {main}
  thrown in /var/www/emiy/api/src/Command/CronVerifyDepot.php on line 27
PHP Fatal error:  Uncaught Error: Class "Symfony\Component\Console\Command\Command" not found in /var/www/emiy/api/src/Command/CronVerifyDepot.php:27
Stack trace:
#0 {main}
  thrown in /var/www/emiy/api/src/Command/CronVerifyDepot.php on line 27
PHP Fatal error:  Uncaught Error: Class "Symfony\Component\Console\Command\Command" not found in /var/www/emiy/api/src/Command/CronVerifyDepot.php:27
Stack trace:
#0 {main}
  thrown in /var/www/emiy/api/src/Command/CronVerifyDepot.php on line 27
PHP Fatal error:  Uncaught Error: Class "Symfony\Component\Console\Command\Command" not found in /var/www/emiy/api/src/Command/CronVerifyDepot.php:27
Stack trace:
#0 {main}
  thrown in /var/www/emiy/api/src/Command/CronVerifyDepot.php on line 27
PHP Fatal error:  Uncaught Error: Class "Symfony\Component\Console\Command\Command" not found in /var/www/emiy/api/src/Command/CronVerifyDepot.php:27
Stack trace:
#0 {main}
  thrown in /var/www/emiy/api/src/Command/CronVerifyDepot.php on line 27
PHP Fatal error:  Uncaught Error: Class "Symfony\Component\Console\Command\Command" not found in /var/www/emiy/api/src/Command/CronVerifyDepot.php:27
Stack trace:
#0 {main}
  thrown in /var/www/emiy/api/src/Command/CronVerifyDepot.php on line 27
PHP Fatal error:  Uncaught Error: Class "Symfony\Component\Console\Command\Command" not found in /var/www/emiy/api/src/Command/CronVerifyDepot.php:27
Stack trace:
#0 {main}
  thrown in /var/www/emiy/api/src/Command/CronVerifyDepot.php on line 27
PHP Fatal error:  Uncaught Error: Class "Symfony\Component\Console\Command\Command" not found in /var/www/emiy/api/src/Command/CronVerifyDepot.php:27
Stack trace:
#0 {main}
  thrown in /var/www/emiy/api/src/Command/CronVerifyDepot.php on line 27
PHP Fatal error:  Uncaught Error: Class "Symfony\Component\Console\Command\Command" not found in /var/www/emiy/api/src/Command/CronVerifyDepot.php:27
Stack trace:
#0 {main}
  thrown in /var/www/emiy/api/src/Command/CronVerifyDepot.php on line 27
PHP Fatal error:  Uncaught Error: Class "Symfony\Component\Console\Command\Command" not found in /var/www/emiy/api/src/Command/CronVerifyDepot.php:27
Stack trace:
#0 {main}
  thrown in /var/www/emiy/api/src/Command/CronVerifyDepot.php on line 27
PHP Fatal error:  Uncaught Error: Class "Symfony\Component\Console\Command\Command" not found in /var/www/emiy/api/src/Command/CronVerifyDepot.php:27
Stack trace:
#0 {main}
  thrown in /var/www/emiy/api/src/Command/CronVerifyDepot.php on line 27
PHP Fatal error:  Uncaught Error: Class "Symfony\Component\Console\Command\Command" not found in /var/www/emiy/api/src/Command/CronVerifyDepot.php:27
Stack trace:
#0 {main}
  thrown in /var/www/emiy/api/src/Command/CronVerifyDepot.php on line 27
PHP Fatal error:  Uncaught Error: Class "Symfony\Component\Console\Command\Command" not found in /var/www/emiy/api/src/Command/CronVerifyDepot.php:27
Stack trace:
#0 {main}
  thrown in /var/www/emiy/api/src/Command/CronVerifyDepot.php on line 27
PHP Fatal error:  Uncaught Error: Class "Symfony\Component\Console\Command\Command" not found in /var/www/emiy/api/src/Command/CronVerifyDepot.php:27
Stack trace:
#0 {main}
  thrown in /var/www/emiy/api/src/Command/CronVerifyDepot.php on line 27
PHP Fatal error:  Uncaught Error: Class "Symfony\Component\Console\Command\Command" not found in /var/www/emiy/api/src/Command/CronVerifyDepot.php:27
Stack trace:
#0 {main}
  thrown in /var/www/emiy/api/src/Command/CronVerifyDepot.php on line 27
PHP Fatal error:  Uncaught Error: Class "Symfony\Component\Console\Command\Command" not found in /var/www/emiy/api/src/Command/CronVerifyDepot.php:27
Stack trace:
#0 {main}
  thrown in /var/www/emiy/api/src/Command/CronVerifyDepot.php on line 27
PHP Fatal error:  Uncaught Error: Class "Symfony\Component\Console\Command\Command" not found in /var/www/emiy/api/src/Command/CronVerifyDepot.php:27
Stack trace:
#0 {main}
  thrown in /var/www/emiy/api/src/Command/CronVerifyDepot.php on line 27
PHP Fatal error:  Uncaught Error: Class "Symfony\Component\Console\Command\Command" not found in /var/www/emiy/api/src/Command/CronVerifyDepot.php:27
Stack trace:
#0 {main}
  thrown in /var/www/emiy/api/src/Command/CronVerifyDepot.php on line 27
PHP Fatal error:  Uncaught Error: Class "Symfony\Component\Console\Command\Command" not found in /var/www/emiy/api/src/Command/CronVerifyDepot.php:27
Stack trace:
#0 {main}
  thrown in /var/www/emiy/api/src/Command/CronVerifyDepot.php on line 27
PHP Fatal error:  Uncaught Error: Class "Symfony\Component\Console\Command\Command" not found in /var/www/emiy/api/src/Command/CronVerifyDepot.php:27
Stack trace:
#0 {main}
  thrown in /var/www/emiy/api/src/Command/CronVerifyDepot.php on line 27
PHP Fatal error:  Uncaught Error: Class "Symfony\Component\Console\Command\Command" not found in /var/www/emiy/api/src/Command/CronVerifyDepot.php:27
Stack trace:
#0 {main}
  thrown in /var/www/emiy/api/src/Command/CronVerifyDepot.php on line 27
PHP Fatal error:  Uncaught Error: Class "Symfony\Component\Console\Command\Command" not found in /var/www/emiy/api/src/Command/CronVerifyDepot.php:27
Stack trace:
#0 {main}
  thrown in /var/www/emiy/api/src/Command/CronVerifyDepot.php on line 27
PHP Fatal error:  Uncaught Error: Class "Symfony\Component\Console\Command\Command" not found in /var/www/emiy/api/src/Command/CronVerifyDepot.php:27
Stack trace:
#0 {main}
  thrown in /var/www/emiy/api/src/Command/CronVerifyDepot.php on line 27
PHP Fatal error:  Uncaught Error: Class "Symfony\Component\Console\Command\Command" not found in /var/www/emiy/api/src/Command/CronVerifyDepot.php:27
Stack trace:
#0 {main}
  thrown in /var/www/emiy/api/src/Command/CronVerifyDepot.php on line 27
PHP Fatal error:  Uncaught Error: Class "Symfony\Component\Console\Command\Command" not found in /var/www/emiy/api/src/Command/CronVerifyDepot.php:27
Stack trace:
#0 {main}
  thrown in /var/www/emiy/api/src/Command/CronVerifyDepot.php on line 27
PHP Fatal error:  Uncaught Error: Class "Symfony\Component\Console\Command\Command" not found in /var/www/emiy/api/src/Command/CronVerifyDepot.php:27
Stack trace:
#0 {main}
  thrown in /var/www/emiy/api/src/Command/CronVerifyDepot.php on line 27
PHP Fatal error:  Uncaught Error: Class "Symfony\Component\Console\Command\Command" not found in /var/www/emiy/api/src/Command/CronVerifyDepot.php:27
Stack trace:
#0 {main}
  thrown in /var/www/emiy/api/src/Command/CronVerifyDepot.php on line 27
PHP Fatal error:  Uncaught Error: Class "Symfony\Component\Console\Command\Command" not found in /var/www/emiy/api/src/Command/CronVerifyDepot.php:27
Stack trace:
#0 {main}
  thrown in /var/www/emiy/api/src/Command/CronVerifyDepot.php on line 27
PHP Fatal error:  Uncaught Error: Class "Symfony\Component\Console\Command\Command" not found in /var/www/emiy/api/src/Command/CronVerifyDepot.php:27
Stack trace:
#0 {main}
  thrown in /var/www/emiy/api/src/Command/CronVerifyDepot.php on line 27
PHP Fatal error:  Uncaught Error: Class "Symfony\Component\Console\Command\Command" not found in /var/www/emiy/api/src/Command/CronVerifyDepot.php:27
Stack trace:
#0 {main}
  thrown in /var/www/emiy/api/src/Command/CronVerifyDepot.php on line 27
PHP Fatal error:  Uncaught Error: Class "Symfony\Component\Console\Command\Command" not found in /var/www/emiy/api/src/Command/CronVerifyDepot.php:27
Stack trace:
#0 {main}
  thrown in /var/www/emiy/api/src/Command/CronVerifyDepot.php on line 27
PHP Fatal error:  Uncaught Error: Class "Symfony\Component\Console\Command\Command" not found in /var/www/emiy/api/src/Command/CronVerifyDepot.php:27
Stack trace:
#0 {main}
  thrown in /var/www/emiy/api/src/Command/CronVerifyDepot.php on line 27
PHP Fatal error:  Uncaught Error: Class "Symfony\Component\Console\Command\Command" not found in /var/www/emiy/api/src/Command/CronVerifyDepot.php:27
Stack trace:
#0 {main}
  thrown in /var/www/emiy/api/src/Command/CronVerifyDepot.php on line 27
PHP Fatal error:  Uncaught Error: Class "Symfony\Component\Console\Command\Command" not found in /var/www/emiy/api/src/Command/CronVerifyDepot.php:27
Stack trace:
#0 {main}
  thrown in /var/www/emiy/api/src/Command/CronVerifyDepot.php on line 27
PHP Fatal error:  Uncaught Error: Class "Symfony\Component\Console\Command\Command" not found in /var/www/emiy/api/src/Command/CronVerifyDepot.php:27
Stack trace:
#0 {main}
  thrown in /var/www/emiy/api/src/Command/CronVerifyDepot.php on line 27
PHP Fatal error:  Uncaught Error: Class "Symfony\Component\Console\Command\Command" not found in /var/www/emiy/api/src/Command/CronVerifyDepot.php:27
Stack trace:
#0 {main}
  thrown in /var/www/emiy/api/src/Command/CronVerifyDepot.php on line 27
PHP Fatal error:  Uncaught Error: Class "Symfony\Component\Console\Command\Command" not found in /var/www/emiy/api/src/Command/CronVerifyDepot.php:27
Stack trace:
#0 {main}
  thrown in /var/www/emiy/api/src/Command/CronVerifyDepot.php on line 27
PHP Fatal error:  Uncaught Error: Class "Symfony\Component\Console\Command\Command" not found in /var/www/emiy/api/src/Command/CronVerifyDepot.php:27
Stack trace:
#0 {main}
  thrown in /var/www/emiy/api/src/Command/CronVerifyDepot.php on line 27
PHP Fatal error:  Uncaught Error: Class "Symfony\Component\Console\Command\Command" not found in /var/www/emiy/api/src/Command/CronVerifyDepot.php:27
Stack trace:
#0 {main}
  thrown in /var/www/emiy/api/src/Command/CronVerifyDepot.php on line 27
PHP Fatal error:  Uncaught Error: Class "Symfony\Component\Console\Command\Command" not found in /var/www/emiy/api/src/Command/CronVerifyDepot.php:27
Stack trace:
#0 {main}
  thrown in /var/www/emiy/api/src/Command/CronVerifyDepot.php on line 27
PHP Fatal error:  Uncaught Error: Class "Symfony\Component\Console\Command\Command" not found in /var/www/emiy/api/src/Command/CronVerifyDepot.php:27
Stack trace:
#0 {main}
  thrown in /var/www/emiy/api/src/Command/CronVerifyDepot.php on line 27
PHP Fatal error:  Uncaught Error: Class "Symfony\Component\Console\Command\Command" not found in /var/www/emiy/api/src/Command/CronVerifyDepot.php:27
Stack trace:
#0 {main}
  thrown in /var/www/emiy/api/src/Command/CronVerifyDepot.php on line 27
PHP Fatal error:  Uncaught Error: Class "Symfony\Component\Console\Command\Command" not found in /var/www/emiy/api/src/Command/CronVerifyDepot.php:27
Stack trace:
#0 {main}
  thrown in /var/www/emiy/api/src/Command/CronVerifyDepot.php on line 27
PHP Fatal error:  Uncaught Error: Class "Symfony\Component\Console\Command\Command" not found in /var/www/emiy/api/src/Command/CronVerifyDepot.php:27
Stack trace:
#0 {main}
  thrown in /var/www/emiy/api/src/Command/CronVerifyDepot.php on line 27
PHP Fatal error:  Uncaught Error: Class "Symfony\Component\Console\Command\Command" not found in /var/www/emiy/api/src/Command/CronVerifyDepot.php:27
Stack trace:
#0 {main}
  thrown in /var/www/emiy/api/src/Command/CronVerifyDepot.php on line 27
PHP Fatal error:  Uncaught Error: Class "Symfony\Component\Console\Command\Command" not found in /var/www/emiy/api/src/Command/CronVerifyDepot.php:27
Stack trace:
#0 {main}
  thrown in /var/www/emiy/api/src/Command/CronVerifyDepot.php on line 27
